<?xml version="1.0" encoding="UTF-8"?>
<testng-results ignored="0" total="1" passed="1" failed="0" skipped="0">
  <reporter-output>
  </reporter-output>
  <suite started-at="2024-12-13T02:57:58 CET" name="Default suite" finished-at="2024-12-13T02:58:09 CET" duration-ms="10714">
    <groups>
    </groups>
    <test started-at="2024-12-13T02:57:58 CET" name="Default test" finished-at="2024-12-13T02:58:09 CET" duration-ms="10714">
      <class name="admin.Admin_Login">
        <test-method is-config="true" signature="startUp()[pri:0, instance:admin.Admin_Login@7586beff]" started-at="2024-12-13T02:57:37 CET" name="startUp" finished-at="2024-12-13T02:57:58 CET" duration-ms="21275" status="PASS">
          <reporter-output>
          </reporter-output>
        </test-method> <!-- startUp -->
        <test-method signature="adminLogin()[pri:0, instance:admin.Admin_Login@7586beff]" started-at="2024-12-13T02:57:58 CET" name="adminLogin" finished-at="2024-12-13T02:58:09 CET" duration-ms="10680" status="PASS">
          <reporter-output>
          </reporter-output>
        </test-method> <!-- adminLogin -->
        <test-method is-config="true" signature="print(java.lang.String)[pri:0, instance:admin.Admin_Login@7586beff]" started-at="2024-12-13T02:58:09 CET" name="print" finished-at="1970-01-01T01:00:00 CET" duration-ms="-1734055089123" status="FAIL">
          <exception class="org.testng.TestNGException">
            <message>
              <![CDATA[
Native Injection is NOT supported for @AfterSuite annotated print.
For more information on native dependency injection please refer to https://testng.org/#_dependency_injection]]>
            </message>
            <full-stacktrace>
              <![CDATA[org.testng.TestNGException: 
Native Injection is NOT supported for @AfterSuite annotated print.
For more information on native dependency injection please refer to https://testng.org/#_dependency_injection
at org.testng.internal.Parameters.checkParameterTypes(Parameters.java:442)
at org.testng.internal.Parameters.createParametersForMethod(Parameters.java:347)
at org.testng.internal.Parameters.createParameters(Parameters.java:699)
at org.testng.internal.Parameters.createConfigurationParameters(Parameters.java:163)
at org.testng.internal.invokers.ConfigInvoker.invokeConfigurations(ConfigInvoker.java:313)
at org.testng.SuiteRunner.privateRun(SuiteRunner.java:386)
at org.testng.SuiteRunner.run(SuiteRunner.java:312)
at org.testng.SuiteRunnerWorker.runSuite(SuiteRunnerWorker.java:52)
at org.testng.SuiteRunnerWorker.run(SuiteRunnerWorker.java:95)
at org.testng.TestNG.runSuitesSequentially(TestNG.java:1274)
at org.testng.TestNG.runSuitesLocally(TestNG.java:1208)
at org.testng.TestNG.runSuites(TestNG.java:1112)
at org.testng.TestNG.run(TestNG.java:1079)
at org.testng.remote.AbstractRemoteTestNG.run(AbstractRemoteTestNG.java:115)
at org.testng.remote.RemoteTestNG.initAndRun(RemoteTestNG.java:293)
at org.testng.remote.RemoteTestNG.main(RemoteTestNG.java:91)
]]>
            </full-stacktrace>
          </exception> <!-- org.testng.TestNGException -->
          <reporter-output>
          </reporter-output>
        </test-method> <!-- print -->
      </class> <!-- admin.Admin_Login -->
    </test> <!-- Default test -->
  </suite> <!-- Default suite -->
</testng-results>
