<?xml version="1.0" encoding="UTF-8"?>
<!-- Generated by org.testng.reporters.JUnitXMLReporter -->
<testsuite ignored="4" hostname="TareK" failures="0" tests="3" name="Test" time="45.648" errors="0" timestamp="2024-12-13T02:54:46 CET">
  <testcase classname="all_pages.Home_Page" name="homePage" time="19.695"/>
  <testcase classname="all_testes.Test_Created_Order" name="testCreatedOrder" time="16.56"/>
  <testcase classname="admin.Admin_Login" name="adminLogin" time="9.347"/>
  <testcase classname="base.Base" name="@AfterSuite print" time="0.0">
    <ignored/>
  </testcase> <!-- @AfterSuite print -->
  <testcase classname="base.Base" name="@AfterSuite print" time="0.0">
    <ignored/>
  </testcase> <!-- @AfterSuite print -->
  <testcase classname="base.Base" name="@BeforeSuite startUp" time="0.0">
    <ignored/>
  </testcase> <!-- @BeforeSuite startUp -->
  <testcase classname="base.Base" name="@BeforeSuite startUp" time="0.0">
    <ignored/>
  </testcase> <!-- @BeforeSuite startUp -->
</testsuite> <!-- Test -->
