<?xml version="1.0" encoding="UTF-8"?>
<testng-results ignored="0" total="1" passed="1" failed="0" skipped="0">
  <reporter-output>
  </reporter-output>
  <suite started-at="2025-01-25T23:39:56 CET" name="Default suite" finished-at="2025-01-25T23:40:30 CET" duration-ms="33969">
    <groups>
    </groups>
    <test started-at="2025-01-25T23:39:56 CET" name="Default test" finished-at="2025-01-25T23:40:30 CET" duration-ms="33969">
      <class name="pages.Order_Created">
        <test-method is-config="true" signature="startUp()[pri:0, instance:pages.Order_Created@2b30a42c]" started-at="2025-01-25T23:39:56 CET" name="startUp" finished-at="2025-01-25T23:40:09 CET" duration-ms="12868" status="PASS">
          <reporter-output>
          </reporter-output>
        </test-method> <!-- startUp -->
        <test-method signature="Order_Created_Test()[pri:0, instance:pages.Order_Created@2b30a42c]" started-at="2025-01-25T23:40:09 CET" name="Order_Created_Test" finished-at="2025-01-25T23:40:29 CET" duration-ms="20631" status="PASS">
          <reporter-output>
          </reporter-output>
        </test-method> <!-- Order_Created_Test -->
        <test-method is-config="true" signature="close()[pri:0, instance:pages.Order_Created@2b30a42c]" started-at="2025-01-25T23:40:29 CET" name="close" finished-at="2025-01-25T23:40:30 CET" duration-ms="303" status="PASS">
          <reporter-output>
          </reporter-output>
        </test-method> <!-- close -->
      </class> <!-- pages.Order_Created -->
    </test> <!-- Default test -->
  </suite> <!-- Default suite -->
</testng-results>
